  MOPED: 127.0.0.1:27017 COMMAND      database=admin command={:ismaster=>1} runtime: 1.0438ms
  MOPED: 127.0.0.1:27017 COMMAND      database=admin command={:ismaster=>1} runtime: 0.9779ms
  MOPED: 127.0.0.1:27017 COMMAND      database=admin command={:ismaster=>1} runtime: 1.1520ms


Started GET "/paths" for 127.0.0.1 at 2015-11-05 16:50:31 -0200
Processing by PathsController#index as HTML
  MOPED: 127.0.0.1:27017 COMMAND      database=admin command={:ismaster=>1} runtime: 5.8826ms
  MOPED: 127.0.0.1:27017 QUERY        database=test collection=paths selector={} flags=[] limit=0 skip=0 batch_size=nil fields=nil runtime: 0.9964ms
  Rendered paths/index.json.jbuilder (10.2ms)
Completed 200 OK in 27ms (Views: 15.6ms | ActiveRecord: 0.0ms)


Started POST "/paths" for 127.0.0.1 at 2015-11-05 16:52:06 -0200
Error occurred while parsing request parameters.
Contents:

{
teste: 1
}

ActionDispatch::ParamsParser::ParseError (795: unexpected token at '{
teste: 1
}'):
  actionpack (4.2.1) lib/action_dispatch/middleware/params_parser.rb:53:in `rescue in parse_formatted_parameters'
  actionpack (4.2.1) lib/action_dispatch/middleware/params_parser.rb:32:in `parse_formatted_parameters'
  actionpack (4.2.1) lib/action_dispatch/middleware/params_parser.rb:23:in `call'
  actionpack (4.2.1) lib/action_dispatch/middleware/flash.rb:260:in `call'
  rack (1.6.1) lib/rack/session/abstract/id.rb:225:in `context'
  rack (1.6.1) lib/rack/session/abstract/id.rb:220:in `call'
  actionpack (4.2.1) lib/action_dispatch/middleware/cookies.rb:560:in `call'
  activerecord (4.2.1) lib/active_record/query_cache.rb:36:in `call'
  activerecord (4.2.1) lib/active_record/connection_adapters/abstract/connection_pool.rb:649:in `call'
  activerecord (4.2.1) lib/active_record/migration.rb:378:in `call'
  actionpack (4.2.1) lib/action_dispatch/middleware/callbacks.rb:29:in `block in call'
  activesupport (4.2.1) lib/active_support/callbacks.rb:88:in `call'
  activesupport (4.2.1) lib/active_support/callbacks.rb:88:in `_run_callbacks'
  activesupport (4.2.1) lib/active_support/callbacks.rb:776:in `_run_call_callbacks'
  activesupport (4.2.1) lib/active_support/callbacks.rb:81:in `run_callbacks'
  actionpack (4.2.1) lib/action_dispatch/middleware/callbacks.rb:27:in `call'
  actionpack (4.2.1) lib/action_dispatch/middleware/reloader.rb:73:in `call'
  actionpack (4.2.1) lib/action_dispatch/middleware/remote_ip.rb:78:in `call'
  actionpack (4.2.1) lib/action_dispatch/middleware/debug_exceptions.rb:17:in `call'
  web-console (2.1.2) lib/web_console/middleware.rb:37:in `call'
  actionpack (4.2.1) lib/action_dispatch/middleware/show_exceptions.rb:30:in `call'
  railties (4.2.1) lib/rails/rack/logger.rb:38:in `call_app'
  railties (4.2.1) lib/rails/rack/logger.rb:20:in `block in call'
  activesupport (4.2.1) lib/active_support/tagged_logging.rb:68:in `block in tagged'
  activesupport (4.2.1) lib/active_support/tagged_logging.rb:26:in `tagged'
  activesupport (4.2.1) lib/active_support/tagged_logging.rb:68:in `tagged'
  railties (4.2.1) lib/rails/rack/logger.rb:20:in `call'
  actionpack (4.2.1) lib/action_dispatch/middleware/request_id.rb:21:in `call'
  rack (1.6.1) lib/rack/methodoverride.rb:22:in `call'
  rack (1.6.1) lib/rack/runtime.rb:18:in `call'
  activesupport (4.2.1) lib/active_support/cache/strategy/local_cache_middleware.rb:28:in `call'
  rack (1.6.1) lib/rack/lock.rb:17:in `call'
  actionpack (4.2.1) lib/action_dispatch/middleware/static.rb:113:in `call'
  rack (1.6.1) lib/rack/sendfile.rb:113:in `call'
  railties (4.2.1) lib/rails/engine.rb:518:in `call'
  railties (4.2.1) lib/rails/application.rb:164:in `call'
  rack (1.6.1) lib/rack/lock.rb:17:in `call'
  rack (1.6.1) lib/rack/content_length.rb:15:in `call'
  rack (1.6.1) lib/rack/handler/webrick.rb:89:in `service'
  /home/ricardo/.rvm/rubies/ruby-2.2.1/lib/ruby/2.2.0/webrick/httpserver.rb:138:in `service'
  /home/ricardo/.rvm/rubies/ruby-2.2.1/lib/ruby/2.2.0/webrick/httpserver.rb:94:in `run'
  /home/ricardo/.rvm/rubies/ruby-2.2.1/lib/ruby/2.2.0/webrick/server.rb:294:in `block in start_thread'


  Rendered /home/ricardo/.rvm/gems/ruby-2.2.1/gems/actionpack-4.2.1/lib/action_dispatch/middleware/templates/rescues/_source.erb (2.7ms)
  Rendered /home/ricardo/.rvm/gems/ruby-2.2.1/gems/actionpack-4.2.1/lib/action_dispatch/middleware/templates/rescues/_trace.html.erb (3.1ms)
  Rendered /home/ricardo/.rvm/gems/ruby-2.2.1/gems/actionpack-4.2.1/lib/action_dispatch/middleware/templates/rescues/_request_and_response.html.erb (1.3ms)
  Rendered /home/ricardo/.rvm/gems/ruby-2.2.1/gems/actionpack-4.2.1/lib/action_dispatch/middleware/templates/rescues/diagnostics.html.erb within rescues/layout (40.7ms)
Cannot render console with content type application/jsonAllowed content types: [#<Mime::Type:0x000000037ca918 @synonyms=["application/xhtml+xml"], @symbol=:html, @string="text/html">, #<Mime::Type:0x000000037ca350 @synonyms=[], @symbol=:text, @string="text/plain">, #<Mime::Type:0x000000037be118 @synonyms=[], @symbol=:url_encoded_form, @string="application/x-www-form-urlencoded">]


Started POST "/paths" for 127.0.0.1 at 2015-11-05 16:52:24 -0200
Processing by PathsController#create as HTML
  Parameters: {"teste"=>"1", "path"=>{}}
Completed 500 Internal Server Error in 1ms (Views: 0.1ms | ActiveRecord: 0.0ms)


Started POST "/paths" for 127.0.0.1 at 2015-11-05 16:52:47 -0200
Error occurred while parsing request parameters.
Contents:

{
path: {"teste": "1"}
}

ActionDispatch::ParamsParser::ParseError (795: unexpected token at '{
path: {"teste": "1"}
}'):
  actionpack (4.2.1) lib/action_dispatch/middleware/params_parser.rb:53:in `rescue in parse_formatted_parameters'
  actionpack (4.2.1) lib/action_dispatch/middleware/params_parser.rb:32:in `parse_formatted_parameters'
  actionpack (4.2.1) lib/action_dispatch/middleware/params_parser.rb:23:in `call'
  actionpack (4.2.1) lib/action_dispatch/middleware/flash.rb:260:in `call'
  rack (1.6.1) lib/rack/session/abstract/id.rb:225:in `context'
  rack (1.6.1) lib/rack/session/abstract/id.rb:220:in `call'
  actionpack (4.2.1) lib/action_dispatch/middleware/cookies.rb:560:in `call'
  activerecord (4.2.1) lib/active_record/query_cache.rb:36:in `call'
  activerecord (4.2.1) lib/active_record/connection_adapters/abstract/connection_pool.rb:649:in `call'
  activerecord (4.2.1) lib/active_record/migration.rb:378:in `call'
  actionpack (4.2.1) lib/action_dispatch/middleware/callbacks.rb:29:in `block in call'
  activesupport (4.2.1) lib/active_support/callbacks.rb:88:in `call'
  activesupport (4.2.1) lib/active_support/callbacks.rb:88:in `_run_callbacks'
  activesupport (4.2.1) lib/active_support/callbacks.rb:776:in `_run_call_callbacks'
  activesupport (4.2.1) lib/active_support/callbacks.rb:81:in `run_callbacks'
  actionpack (4.2.1) lib/action_dispatch/middleware/callbacks.rb:27:in `call'
  actionpack (4.2.1) lib/action_dispatch/middleware/reloader.rb:73:in `call'
  actionpack (4.2.1) lib/action_dispatch/middleware/remote_ip.rb:78:in `call'
  actionpack (4.2.1) lib/action_dispatch/middleware/debug_exceptions.rb:17:in `call'
  web-console (2.1.2) lib/web_console/middleware.rb:37:in `call'
  actionpack (4.2.1) lib/action_dispatch/middleware/show_exceptions.rb:30:in `call'
  railties (4.2.1) lib/rails/rack/logger.rb:38:in `call_app'
  railties (4.2.1) lib/rails/rack/logger.rb:20:in `block in call'
  activesupport (4.2.1) lib/active_support/tagged_logging.rb:68:in `block in tagged'
  activesupport (4.2.1) lib/active_support/tagged_logging.rb:26:in `tagged'
  activesupport (4.2.1) lib/active_support/tagged_logging.rb:68:in `tagged'
  railties (4.2.1) lib/rails/rack/logger.rb:20:in `call'
  actionpack (4.2.1) lib/action_dispatch/middleware/request_id.rb:21:in `call'
  rack (1.6.1) lib/rack/methodoverride.rb:22:in `call'
  rack (1.6.1) lib/rack/runtime.rb:18:in `call'
  activesupport (4.2.1) lib/active_support/cache/strategy/local_cache_middleware.rb:28:in `call'
  rack (1.6.1) lib/rack/lock.rb:17:in `call'
  actionpack (4.2.1) lib/action_dispatch/middleware/static.rb:113:in `call'
  rack (1.6.1) lib/rack/sendfile.rb:113:in `call'
  railties (4.2.1) lib/rails/engine.rb:518:in `call'
  railties (4.2.1) lib/rails/application.rb:164:in `call'
  rack (1.6.1) lib/rack/lock.rb:17:in `call'
  rack (1.6.1) lib/rack/content_length.rb:15:in `call'
  rack (1.6.1) lib/rack/handler/webrick.rb:89:in `service'
  /home/ricardo/.rvm/rubies/ruby-2.2.1/lib/ruby/2.2.0/webrick/httpserver.rb:138:in `service'
  /home/ricardo/.rvm/rubies/ruby-2.2.1/lib/ruby/2.2.0/webrick/httpserver.rb:94:in `run'
  /home/ricardo/.rvm/rubies/ruby-2.2.1/lib/ruby/2.2.0/webrick/server.rb:294:in `block in start_thread'


  Rendered /home/ricardo/.rvm/gems/ruby-2.2.1/gems/actionpack-4.2.1/lib/action_dispatch/middleware/templates/rescues/_source.erb (4.1ms)
  Rendered /home/ricardo/.rvm/gems/ruby-2.2.1/gems/actionpack-4.2.1/lib/action_dispatch/middleware/templates/rescues/_trace.html.erb (4.7ms)
  Rendered /home/ricardo/.rvm/gems/ruby-2.2.1/gems/actionpack-4.2.1/lib/action_dispatch/middleware/templates/rescues/_request_and_response.html.erb (0.8ms)
  Rendered /home/ricardo/.rvm/gems/ruby-2.2.1/gems/actionpack-4.2.1/lib/action_dispatch/middleware/templates/rescues/diagnostics.html.erb within rescues/layout (22.9ms)
Cannot render console with content type application/jsonAllowed content types: [#<Mime::Type:0x000000037ca918 @synonyms=["application/xhtml+xml"], @symbol=:html, @string="text/html">, #<Mime::Type:0x000000037ca350 @synonyms=[], @symbol=:text, @string="text/plain">, #<Mime::Type:0x000000037be118 @synonyms=[], @symbol=:url_encoded_form, @string="application/x-www-form-urlencoded">]


Started POST "/paths" for 127.0.0.1 at 2015-11-05 16:52:57 -0200
Processing by PathsController#create as HTML
  Parameters: {"path"=>{"teste"=>"1"}}
Unpermitted parameter: teste
  MOPED: 127.0.0.1:27017 COMMAND      database=admin command={:ismaster=>1} runtime: 0.5234ms
  MOPED: 127.0.0.1:27017 INSERT       database=test collection=paths documents=[{"_id"=><BSON::ObjectId:0x70062736578920 data=563ba5897269635bbd000000>}] flags=[]
                         COMMAND      database=test command={:getlasterror=>1, :w=>1} runtime: 0.4200ms
  Rendered paths/show.json.jbuilder (2.7ms)
Completed 500 Internal Server Error in 9ms (Views: 0.1ms | ActiveRecord: 0.0ms)


Started POST "/paths" for 127.0.0.1 at 2015-11-05 16:54:19 -0200
Processing by PathsController#create as HTML
  Parameters: {"path"=>{"structure"=>{"teste"=>"1"}}}
Unpermitted parameter: structure
  MOPED: 127.0.0.1:27017 COMMAND      database=admin command={:ismaster=>1} runtime: 0.5090ms
  MOPED: 127.0.0.1:27017 INSERT       database=test collection=paths documents=[{"_id"=><BSON::ObjectId:0x70062738073880 data=563ba5db7269635bbd000001>}] flags=[]
                         COMMAND      database=test command={:getlasterror=>1, :w=>1} runtime: 0.5759ms
  Rendered paths/show.json.jbuilder (2.9ms)
Completed 500 Internal Server Error in 13ms (Views: 0.1ms | ActiveRecord: 0.0ms)
  MOPED: 127.0.0.1:27017 COMMAND      database=admin command={:ismaster=>1} runtime: 0.8325ms
  MOPED: 127.0.0.1:27017 QUERY        database=test collection=aula_1 selector={} flags=[] limit=0 skip=0 batch_size=nil fields=nil runtime: 0.8045ms
  MOPED: 127.0.0.1:27017 QUERY        database=test collection=aula_1 selector={"user_id"=>1, "path"=>{:$in=>["aula/1/exercicio/1"]}} flags=[] limit=0 skip=0 batch_size=nil fields=nil runtime: 5.9756ms
  MOPED: 127.0.0.1:27017 COMMAND      database=admin command={:ismaster=>1} runtime: 1.1822ms
  MOPED: 127.0.0.1:27017 QUERY        database=test collection=aula_1 selector={"user_id"=>1, "path"=>{:$in=>["aula/1/exercicio/1"]}} flags=[] limit=0 skip=0 batch_size=nil fields=nil runtime: 1.2263ms
  MOPED: 127.0.0.1:27017 QUERY        database=test collection=aula_1 selector={"user_id"=>1, "path"=>{:$in=>["aula/1/exercicio/1", "aula/1/exercicio/2"]}} flags=[] limit=0 skip=0 batch_size=nil fields=nil runtime: 0.4754ms
  MOPED: 127.0.0.1:27017 COMMAND      database=admin command={:ismaster=>1} runtime: 0.8772ms
  MOPED: 127.0.0.1:27017 COMMAND      database=admin command={:ismaster=>1} runtime: 1.1661ms


Started GET "/aula/1/exercicio/1" for 127.0.0.1 at 2015-11-12 17:02:49 -0200
Processing by UserRankingsController#path_index as HTML
  Parameters: {"all"=>"aula/1/exercicio/1"}
  MOPED: 127.0.0.1:27017 QUERY        database=test collection=aula_1 selector={"$query"=>{"path"=>{"$all"=>["aula/1/exercicio/1"]}}, "$orderby"=>{"points"=>-1}} flags=[] limit=10 skip=0 batch_size=nil fields=nil runtime: 0.9729ms
  Rendered user_rankings/path_index.json.jbuilder (5.0ms)
Completed 200 OK in 28ms (Views: 9.6ms | ActiveRecord: 0.0ms)
